生成启动时间为 2017/6/3 17:49:31。
     1>项目“F:\vs2008\Caffe\mtcnn-code\codes\vs\Facer\Facer.vcxproj”在节点 2 上(Build 个目标)。
     1>ClCompile:
         E:\Program Files (x86)\Microsoft Visual Studio 14.0\VC\bin\x86_amd64\CL.exe /c /I.\GeneratedFiles /I. /IE:\software\QT58\5.8\msvc2015_64\include /I.\GeneratedFiles\Release /IE:\software\QT58\5.8\msvc2015_64\include\QtCore /IE:\software\QT58\5.8\msvc2015_64\include\QtGui /IE:\software\QT58\5.8\msvc2015_64\include\QtWidgets /I../Test /I../vggfeature /I"F:\vs2008\Caffe\caffe-windows-ms\windows\thirdparty\OpenCV\include" /I"F:\vs2008\Caffe\caffe-windows-ms\include" /I"F:\vs2008\Caffe\caffe-windows-ms\windows\thirdparty\Boost" /I"F:\vs2008\Caffe\caffe-windows-ms\windows\caffe.binding" /I"F:\vs2008\Caffe\caffe-windows-ms\windows\thirdparty\LEVELDB\include" /nologo /W1 /WX- /O2 /D UNICODE /D WIN32 /D WIN64 /D QT_DLL /D QT_NO_DEBUG /D NDEBUG /D QT_CORE_LIB /D QT_GUI_LIB /D QT_WIDGETS_LIB /Gm- /EHsc /MD /GS /fp:precise /Zc:wchar_t /Zc:forScope /Zc:inline /Fo"x64\Release\\" /Fd"x64\Release\vc140.pdb" /Gd /TP /errorReport:prompt FaceRec.cpp
         FaceRec.cpp
     1>F:\vs2008\Caffe\caffe-windows-ms\windows\thirdparty\OpenCV\include\opencv2/core/mat.hpp(1965): warning C4819: 该文件包含不能在当前代码页(936)中表示的字符。请将该文件保存为 Unicode 格式以防止数据丢失
     1>F:\vs2008\Caffe\caffe-windows-ms\windows\thirdparty\OpenCV\include\opencv2/core/persistence.hpp : warning C4819: 该文件包含不能在当前代码页(936)中表示的字符。请将该文件保存为 Unicode 格式以防止数据丢失
     1>F:\vs2008\Caffe\caffe-windows-ms\windows\thirdparty\OpenCV\include\opencv2/core/utility.hpp : warning C4819: 该文件包含不能在当前代码页(936)中表示的字符。请将该文件保存为 Unicode 格式以防止数据丢失
     1>F:\vs2008\Caffe\caffe-windows-ms\windows\thirdparty\OpenCV\include\opencv2/core/utility.hpp : warning C4819: 该文件包含不能在当前代码页(936)中表示的字符。请将该文件保存为 Unicode 格式以防止数据丢失
       Link:
         E:\Program Files (x86)\Microsoft Visual Studio 14.0\VC\bin\x86_amd64\link.exe /ERRORREPORT:PROMPT /OUT:"F:\vs2008\Caffe\mtcnn-code\codes\vs\x64\Release\\Facer.exe" /NOLOGO /LIBPATH:E:\software\QT58\5.8\msvc2015_64\lib /LIBPATH:"F:\vs2008\Caffe\caffe-windows-ms\windows\thirdparty\OpenCV\x64\vc14\lib" /LIBPATH:"F:\vs2008\Caffe\caffe-windows-ms\Build\x64\Debug/../Release" /LIBPATH:"F:\vs2008\Caffe\caffe-windows-ms\windows\thirdparty\Boost\lib64-msvc-14.0" /LIBPATH:"F:\vs2008\Caffe\caffe-windows-ms\windows\thirdparty\LEVELDB\lib" qtmain.lib Qt5Core.lib Qt5Gui.lib Qt5Widgets.lib opencv_world310.lib caffe.binding.lib leveldb.lib kernel32.lib user32.lib gdi32.lib winspool.lib comdlg32.lib advapi32.lib shell32.lib ole32.lib oleaut32.lib uuid.lib odbc32.lib odbccp32.lib /MANIFEST /MANIFESTUAC:"level='asInvoker' uiAccess='false'" /manifest:embed /PDB:"F:\vs2008\Caffe\mtcnn-code\codes\vs\x64\Release\Facer.pdb" /SUBSYSTEM:WINDOWS /TLBID:1 /DYNAMICBASE /NXCOMPAT /IMPLIB:"F:\vs2008\Caffe\mtcnn-code\codes\vs\x64\Release\Facer.lib" /MACHINE:X64 x64\Release\Facer.res
         x64\Release\DB.obj
         x64\Release\Detector.obj
         x64\Release\Facer.obj
         x64\Release\Feature.obj
         x64\Release\LevelDB.obj
         x64\Release\MtcnnDetector.obj
         x64\Release\VggFeature.obj
         x64\Release\FaceRec.obj
         x64\Release\qrc_FaceRec.obj
         x64\Release\moc_FaceRec.obj
         x64\Release\main.obj
         Facer.vcxproj -> F:\vs2008\Caffe\mtcnn-code\codes\vs\x64\Release\Facer.exe
     1>已完成生成项目“F:\vs2008\Caffe\mtcnn-code\codes\vs\Facer\Facer.vcxproj”(Build 个目标)的操作。

已成功生成。

已用时间 00:00:41.59
