f:\vs2008\caffe\mtcnn-code\codes\vs\facer\x64\debug\vc140.pdb
f:\vs2008\caffe\mtcnn-code\codes\vs\facer\x64\debug\main.obj
f:\vs2008\caffe\mtcnn-code\codes\vs\facer\x64\debug\facerec.obj
f:\vs2008\caffe\mtcnn-code\codes\vs\facer\x64\debug\moc_facerec.obj
f:\vs2008\caffe\mtcnn-code\codes\vs\facer\x64\debug\qrc_facerec.obj
f:\vs2008\caffe\mtcnn-code\codes\vs\facer\x64\debug\mtcnndetector.obj
f:\vs2008\caffe\mtcnn-code\codes\vs\facer\x64\debug\detector.obj
f:\vs2008\caffe\mtcnn-code\codes\vs\facer\generatedfiles\qrc_facerec.cpp
f:\vs2008\caffe\mtcnn-code\codes\vs\facer\generatedfiles\ui_facerec.h
f:\vs2008\caffe\mtcnn-code\codes\vs\facer\generatedfiles\debug\moc_facerec.cpp
f:\vs2008\caffe\mtcnn-code\codes\vs\facer\x64\debug\facer.res
f:\vs2008\caffe\mtcnn-code\codes\vs\x64\debug\facer.pdb
f:\vs2008\caffe\mtcnn-code\codes\vs\facer\x64\debug\facer.tlog\cl.command.1.tlog
f:\vs2008\caffe\mtcnn-code\codes\vs\facer\x64\debug\facer.tlog\cl.read.1.tlog
f:\vs2008\caffe\mtcnn-code\codes\vs\facer\x64\debug\facer.tlog\cl.write.1.tlog
f:\vs2008\caffe\mtcnn-code\codes\vs\facer\x64\debug\facer.tlog\custombuild.command.1.tlog
f:\vs2008\caffe\mtcnn-code\codes\vs\facer\x64\debug\facer.tlog\custombuild.read.1.tlog
f:\vs2008\caffe\mtcnn-code\codes\vs\facer\x64\debug\facer.tlog\custombuild.write.1.tlog
f:\vs2008\caffe\mtcnn-code\codes\vs\facer\x64\debug\facer.tlog\link-cvtres.read.1.tlog
f:\vs2008\caffe\mtcnn-code\codes\vs\facer\x64\debug\facer.tlog\link-cvtres.write.1.tlog
f:\vs2008\caffe\mtcnn-code\codes\vs\facer\x64\debug\facer.tlog\link-rc.read.1.tlog
f:\vs2008\caffe\mtcnn-code\codes\vs\facer\x64\debug\facer.tlog\link-rc.write.1.tlog
f:\vs2008\caffe\mtcnn-code\codes\vs\facer\x64\debug\facer.tlog\link.8704-cvtres.read.1.tlog
f:\vs2008\caffe\mtcnn-code\codes\vs\facer\x64\debug\facer.tlog\link.8704-cvtres.write.1.tlog
f:\vs2008\caffe\mtcnn-code\codes\vs\facer\x64\debug\facer.tlog\link.8704-rc.read.1.tlog
f:\vs2008\caffe\mtcnn-code\codes\vs\facer\x64\debug\facer.tlog\link.8704-rc.write.1.tlog
f:\vs2008\caffe\mtcnn-code\codes\vs\facer\x64\debug\facer.tlog\link.8704.read.1.tlog
f:\vs2008\caffe\mtcnn-code\codes\vs\facer\x64\debug\facer.tlog\link.8704.write.1.tlog
f:\vs2008\caffe\mtcnn-code\codes\vs\facer\x64\debug\facer.tlog\link.command.1.tlog
f:\vs2008\caffe\mtcnn-code\codes\vs\facer\x64\debug\facer.tlog\link.read.1.tlog
f:\vs2008\caffe\mtcnn-code\codes\vs\facer\x64\debug\facer.tlog\link.write.1.tlog
f:\vs2008\caffe\mtcnn-code\codes\vs\facer\x64\debug\facer.tlog\rc.command.1.tlog
f:\vs2008\caffe\mtcnn-code\codes\vs\facer\x64\debug\facer.tlog\rc.read.1.tlog
f:\vs2008\caffe\mtcnn-code\codes\vs\facer\x64\debug\facer.tlog\rc.write.1.tlog
